0 info it worked if it ends with ok
1 verbose cli [ '/Users/emcmahon/.nvm/versions/node/v6.9.1/bin/node',
1 verbose cli   '/Users/emcmahon/.nvm/versions/node/v6.9.1/bin/npm',
1 verbose cli   'run',
1 verbose cli   'build' ]
2 info using npm@3.10.8
3 info using node@v6.9.1
4 verbose run-script [ 'prebuild', 'build', 'postbuild' ]
5 info lifecycle three-try@1.0.0~prebuild: three-try@1.0.0
6 silly lifecycle three-try@1.0.0~prebuild: no script for prebuild, continuing
7 info lifecycle three-try@1.0.0~build: three-try@1.0.0
8 verbose lifecycle three-try@1.0.0~build: unsafe-perm in lifecycle true
9 verbose lifecycle three-try@1.0.0~build: PATH: /Users/emcmahon/.nvm/versions/node/v6.9.1/lib/node_modules/npm/bin/node-gyp-bin:/Users/emcmahon/Documents/repo-local/three-try/node_modules/.bin:/Users/emcmahon/anaconda3/bin:/usr/local/opt/qt/bin:/opt/local/bin:/opt/local/sbin:/Users/emcmahon/anaconda/bin:/Applications/android-platform-tools:/opt/local/sbin:/Users/emcmahon/anaconda/bin:/Applications/android-platform-tools:/Applications/Xcode.app/Contents/Developer/usr/bin/:/Applications/Xcode.app/Contents/Developer/usr/bin/:/opt/local/bin:/opt/local/sbin:/Users/emcmahon/.nvm/versions/node/v6.9.1/bin:/Library/Java/JavaVirtualMachines/jdk1.8.0_71.jdk/Contents/Home/bin:/usr/local/bin:/usr/bin:/bin:/usr/sbin:/sbin:/Library/Frameworks/Mono.framework/Versions/Current/Commands:/var/valgrind/bin:Users/emcmahon/Documents/repo-local/turn-the-page-fork/git-report-project/drivers;;
10 verbose lifecycle three-try@1.0.0~build: CWD: /Users/emcmahon/Documents/repo-local/three-try
11 silly lifecycle three-try@1.0.0~build: Args: [ '-c', 'webpack' ]
12 silly lifecycle three-try@1.0.0~build: Returned: code: 1  signal: null
13 info lifecycle three-try@1.0.0~build: Failed to exec build script
14 verbose stack Error: three-try@1.0.0 build: `webpack`
14 verbose stack Exit status 1
14 verbose stack     at EventEmitter.<anonymous> (/Users/emcmahon/.nvm/versions/node/v6.9.1/lib/node_modules/npm/lib/utils/lifecycle.js:255:16)
14 verbose stack     at emitTwo (events.js:106:13)
14 verbose stack     at EventEmitter.emit (events.js:191:7)
14 verbose stack     at ChildProcess.<anonymous> (/Users/emcmahon/.nvm/versions/node/v6.9.1/lib/node_modules/npm/lib/utils/spawn.js:40:14)
14 verbose stack     at emitTwo (events.js:106:13)
14 verbose stack     at ChildProcess.emit (events.js:191:7)
14 verbose stack     at maybeClose (internal/child_process.js:877:16)
14 verbose stack     at Process.ChildProcess._handle.onexit (internal/child_process.js:226:5)
15 verbose pkgid three-try@1.0.0
16 verbose cwd /Users/emcmahon/Documents/repo-local/three-try
17 error Darwin 17.6.0
18 error argv "/Users/emcmahon/.nvm/versions/node/v6.9.1/bin/node" "/Users/emcmahon/.nvm/versions/node/v6.9.1/bin/npm" "run" "build"
19 error node v6.9.1
20 error npm  v3.10.8
21 error code ELIFECYCLE
22 error three-try@1.0.0 build: `webpack`
22 error Exit status 1
23 error Failed at the three-try@1.0.0 build script 'webpack'.
23 error Make sure you have the latest version of node.js and npm installed.
23 error If you do, this is most likely a problem with the three-try package,
23 error not with npm itself.
23 error Tell the author that this fails on your system:
23 error     webpack
23 error You can get information on how to open an issue for this project with:
23 error     npm bugs three-try
23 error Or if that isn't available, you can get their info via:
23 error     npm owner ls three-try
23 error There is likely additional logging output above.
24 verbose exit [ 1, true ]
